--------------------------------------------------------------------------------
Release 14.7 Trace  (nt64)
Copyright (c) 1995-2013 Xilinx, Inc.  All rights reserved.

D:\Software\Xilinx\14.7\ISE_DS\ISE\bin\nt64\unwrapped\trce.exe -intstyle ise -v
3 -s 4 -n 3 -fastpaths -xml PS2.twx PS2.ncd -o PS2.twr PS2.pcf -ucf PS2.ucf

Design file:              PS2.ncd
Physical constraint file: PS2.pcf
Device,package,speed:     xc3s100e,cp132,-4 (PRODUCTION 1.27 2013-10-13)
Report level:             verbose report

Environment Variable      Effect 
--------------------      ------ 
NONE                      No environment variables were set
--------------------------------------------------------------------------------

INFO:Timing:2698 - No timing constraints found, doing default enumeration.
INFO:Timing:3412 - To improve timing, see the Timing Closure User Guide (UG612).
INFO:Timing:2752 - To get complete path coverage, use the unconstrained paths 
   option. All paths that are not constrained will be reported in the 
   unconstrained paths section(s) of the report.
INFO:Timing:3339 - The clock-to-out numbers in this timing report are based on 
   a 50 Ohm transmission line loading model.  For the details of this model, 
   and for more information on accounting for different loading conditions, 
   please see the device datasheet.
INFO:Timing:3390 - This architecture does not support a default System Jitter 
   value, please add SYSTEM_JITTER constraint to the UCF to modify the Clock 
   Uncertainty calculation.
INFO:Timing:3389 - This architecture does not support 'Discrete Jitter' and 
   'Phase Error' calculations, these terms will be zero in the Clock 
   Uncertainty calculation.  Please make appropriate modification to 
   SYSTEM_JITTER to account for the unsupported Discrete Jitter and Phase 
   Error.



Data Sheet report:
-----------------
All values displayed in nanoseconds (ns)

Setup/Hold to clock PS2C
------------+------------+------------+------------------+--------+
            |Max Setup to|Max Hold to |                  | Clock  |
Source      | clk (edge) | clk (edge) |Internal Clock(s) | Phase  |
------------+------------+------------+------------------+--------+
PS2D        |    7.414(F)|    1.546(F)|PS2C_BUFGP        |   0.000|
------------+------------+------------+------------------+--------+

Clock PS2C to Pad
------------+------------+------------------+--------+
            | clk (edge) |                  | Clock  |
Destination |   to PAD   |Internal Clock(s) | Phase  |
------------+------------+------------------+--------+
LED<0>      |    9.648(F)|PS2C_BUFGP        |   0.000|
LED<1>      |    9.560(F)|PS2C_BUFGP        |   0.000|
LED<2>      |    9.878(F)|PS2C_BUFGP        |   0.000|
LED<3>      |    9.769(F)|PS2C_BUFGP        |   0.000|
LED<4>      |    9.196(F)|PS2C_BUFGP        |   0.000|
LED<5>      |    9.746(F)|PS2C_BUFGP        |   0.000|
LED<6>      |    9.477(F)|PS2C_BUFGP        |   0.000|
LED<7>      |    9.597(F)|PS2C_BUFGP        |   0.000|
SEG<0>      |   10.029(F)|PS2C_BUFGP        |   0.000|
SEG<1>      |    9.648(F)|PS2C_BUFGP        |   0.000|
SEG<2>      |    9.660(F)|PS2C_BUFGP        |   0.000|
SEG<3>      |   10.009(F)|PS2C_BUFGP        |   0.000|
SEG<4>      |   10.199(F)|PS2C_BUFGP        |   0.000|
SEG<5>      |   10.037(F)|PS2C_BUFGP        |   0.000|
SEG<6>      |    9.697(F)|PS2C_BUFGP        |   0.000|
------------+------------+------------------+--------+

Clock to Setup on destination clock PS2C
---------------+---------+---------+---------+---------+
               | Src:Rise| Src:Fall| Src:Rise| Src:Fall|
Source Clock   |Dest:Rise|Dest:Rise|Dest:Fall|Dest:Fall|
---------------+---------+---------+---------+---------+
PS2C           |         |         |         |    8.131|
---------------+---------+---------+---------+---------+


Analysis completed Fri Jan 08 15:00:43 2021 
--------------------------------------------------------------------------------

Trace Settings:
-------------------------
Trace Settings 

Peak Memory Usage: 4503 MB



